<?xml version="1.0" encoding="UTF-8"?>
<coverage generated="1776570254692" clover="3.2.0">
  <project timestamp="1776570254692" name="All files">
    <metrics statements="43" coveredstatements="43" conditionals="16" coveredconditionals="16" methods="9" coveredmethods="9" elements="68" coveredelements="68" complexity="0" loc="43" ncloc="43" packages="1" files="1" classes="1"/>
    <file name="index.ts" path="/home/runner/work/quisi.do/quisi.do/packages/api/src/index.ts">
      <metrics statements="43" coveredstatements="43" conditionals="16" coveredconditionals="16" methods="9" coveredmethods="9"/>
      <line num="12" count="1" type="stmt"/>
      <line num="13" count="1" type="stmt"/>
      <line num="14" count="1" type="stmt"/>
      <line num="15" count="1" type="stmt"/>
      <line num="16" count="1" type="stmt"/>
      <line num="17" count="1" type="stmt"/>
      <line num="18" count="1" type="stmt"/>
      <line num="19" count="1" type="stmt"/>
      <line num="20" count="1" type="stmt"/>
      <line num="22" count="1" type="stmt"/>
      <line num="23" count="10" type="cond" truecount="4" falsecount="0"/>
      <line num="28" count="1" type="stmt"/>
      <line num="31" count="10" type="cond" truecount="2" falsecount="0"/>
      <line num="32" count="4" type="stmt"/>
      <line num="35" count="6" type="stmt"/>
      <line num="37" count="6" type="cond" truecount="2" falsecount="0"/>
      <line num="38" count="2" type="stmt"/>
      <line num="41" count="4" type="cond" truecount="2" falsecount="0"/>
      <line num="42" count="1" type="stmt"/>
      <line num="47" count="3" type="stmt"/>
      <line num="50" count="1" type="stmt"/>
      <line num="52" count="1" type="stmt"/>
      <line num="62" count="1" type="stmt"/>
      <line num="64" count="4" type="stmt"/>
      <line num="66" count="1" type="stmt"/>
      <line num="67" count="2" type="stmt"/>
      <line num="70" count="1" type="stmt"/>
      <line num="73" count="1" type="stmt"/>
      <line num="78" count="1" type="stmt"/>
      <line num="81" count="12" type="stmt"/>
      <line num="82" count="12" type="cond" truecount="2" falsecount="0"/>
      <line num="83" count="1" type="stmt"/>
      <line num="89" count="11" type="stmt"/>
      <line num="90" count="11" type="cond" truecount="2" falsecount="0"/>
      <line num="91" count="1" type="stmt"/>
      <line num="94" count="10" type="stmt"/>
      <line num="95" count="10" type="cond" truecount="2" falsecount="0"/>
      <line num="96" count="7" type="stmt"/>
      <line num="99" count="3" type="stmt"/>
      <line num="105" count="2" type="stmt"/>
      <line num="109" count="1" type="stmt"/>
      <line num="111" count="1" type="stmt"/>
      <line num="112" count="2" type="stmt"/>
    </file>
  </project>
</coverage>
