{"/home/runner/work/quisi.do/quisi.do/packages/api/src/index.ts": {"path":"/home/runner/work/quisi.do/quisi.do/packages/api/src/index.ts","statementMap":{"0":{"start":{"line":12,"column":23},"end":{"line":12,"column":null}},"1":{"start":{"line":13,"column":24},"end":{"line":13,"column":null}},"2":{"start":{"line":14,"column":32},"end":{"line":14,"column":null}},"3":{"start":{"line":15,"column":27},"end":{"line":15,"column":null}},"4":{"start":{"line":16,"column":23},"end":{"line":16,"column":null}},"5":{"start":{"line":17,"column":37},"end":{"line":17,"column":null}},"6":{"start":{"line":18,"column":25},"end":{"line":18,"column":null}},"7":{"start":{"line":19,"column":33},"end":{"line":19,"column":null}},"8":{"start":{"line":20,"column":38},"end":{"line":20,"column":null}},"9":{"start":{"line":22,"column":6},"end":{"line":26,"column":null}},"10":{"start":{"line":23,"column":2},"end":{"line":26,"column":null}},"11":{"start":{"line":28,"column":6},"end":{"line":47,"column":null}},"12":{"start":{"line":31,"column":2},"end":{"line":32,"column":null}},"13":{"start":{"line":32,"column":4},"end":{"line":32,"column":null}},"14":{"start":{"line":35,"column":15},"end":{"line":35,"column":31}},"15":{"start":{"line":37,"column":2},"end":{"line":38,"column":null}},"16":{"start":{"line":38,"column":4},"end":{"line":38,"column":null}},"17":{"start":{"line":41,"column":2},"end":{"line":44,"column":null}},"18":{"start":{"line":42,"column":4},"end":{"line":44,"column":null}},"19":{"start":{"line":47,"column":2},"end":{"line":47,"column":null}},"20":{"start":{"line":50,"column":12},"end":{"line":50,"column":46}},"21":{"start":{"line":52,"column":0},"end":{"line":60,"column":null}},"22":{"start":{"line":62,"column":0},"end":{"line":62,"column":null}},"23":{"start":{"line":64,"column":0},"end":{"line":64,"column":null}},"24":{"start":{"line":64,"column":26},"end":{"line":64,"column":52}},"25":{"start":{"line":66,"column":0},"end":{"line":71,"column":null}},"26":{"start":{"line":67,"column":22},"end":{"line":69,"column":9}},"27":{"start":{"line":70,"column":2},"end":{"line":70,"column":null}},"28":{"start":{"line":73,"column":0},"end":{"line":107,"column":null}},"29":{"start":{"line":78,"column":6},"end":{"line":78,"column":72}},"30":{"start":{"line":81,"column":24},"end":{"line":81,"column":54}},"31":{"start":{"line":82,"column":4},"end":{"line":86,"column":null}},"32":{"start":{"line":83,"column":6},"end":{"line":86,"column":null}},"33":{"start":{"line":89,"column":26},"end":{"line":89,"column":69}},"34":{"start":{"line":89,"column":59},"end":{"line":89,"column":69}},"35":{"start":{"line":90,"column":4},"end":{"line":91,"column":null}},"36":{"start":{"line":91,"column":6},"end":{"line":91,"column":null}},"37":{"start":{"line":94,"column":19},"end":{"line":94,"column":38}},"38":{"start":{"line":95,"column":4},"end":{"line":96,"column":null}},"39":{"start":{"line":96,"column":6},"end":{"line":96,"column":null}},"40":{"start":{"line":99,"column":17},"end":{"line":103,"column":14}},"41":{"start":{"line":105,"column":4},"end":{"line":105,"column":null}},"42":{"start":{"line":109,"column":0},"end":{"line":109,"column":null}},"43":{"start":{"line":109,"column":20},"end":{"line":109,"column":70}},"44":{"start":{"line":111,"column":0},"end":{"line":113,"column":null}},"45":{"start":{"line":112,"column":2},"end":{"line":112,"column":76}}},"fnMap":{"0":{"name":"(anonymous_0)","decl":{"start":{"line":22,"column":6},"end":{"line":22,"column":21}},"loc":{"start":{"line":23,"column":2},"end":{"line":26,"column":null}}},"1":{"name":"(anonymous_1)","decl":{"start":{"line":28,"column":6},"end":{"line":28,"column":null}},"loc":{"start":{"line":30,"column":61},"end":{"line":47,"column":null}}},"2":{"name":"(anonymous_2)","decl":{"start":{"line":64,"column":8},"end":{"line":64,"column":19}},"loc":{"start":{"line":64,"column":26},"end":{"line":64,"column":52}}},"3":{"name":"(anonymous_3)","decl":{"start":{"line":66,"column":18},"end":{"line":66,"column":24}},"loc":{"start":{"line":66,"column":31},"end":{"line":71,"column":null}}},"4":{"name":"(anonymous_4)","decl":{"start":{"line":77,"column":4},"end":{"line":77,"column":13}},"loc":{"start":{"line":78,"column":6},"end":{"line":78,"column":72}}},"5":{"name":"(anonymous_5)","decl":{"start":{"line":80,"column":2},"end":{"line":80,"column":8}},"loc":{"start":{"line":80,"column":15},"end":{"line":107,"column":null}}},"6":{"name":"(anonymous_6)","decl":{"start":{"line":89,"column":47},"end":{"line":89,"column":59}},"loc":{"start":{"line":89,"column":59},"end":{"line":89,"column":69}}},"7":{"name":"(anonymous_7)","decl":{"start":{"line":109,"column":4},"end":{"line":109,"column":13}},"loc":{"start":{"line":109,"column":20},"end":{"line":109,"column":70}}},"8":{"name":"(anonymous_8)","decl":{"start":{"line":111,"column":4},"end":{"line":111,"column":13}},"loc":{"start":{"line":112,"column":2},"end":{"line":112,"column":76}}}},"branchMap":{"0":{"loc":{"start":{"line":23,"column":2},"end":{"line":26,"column":null}},"type":"binary-expr","locations":[{"start":{"line":23,"column":2},"end":{"line":23,"column":null}},{"start":{"line":24,"column":2},"end":{"line":24,"column":null}},{"start":{"line":25,"column":2},"end":{"line":25,"column":null}},{"start":{"line":26,"column":2},"end":{"line":26,"column":null}}]},"1":{"loc":{"start":{"line":31,"column":2},"end":{"line":32,"column":null}},"type":"if","locations":[{"start":{"line":31,"column":2},"end":{"line":32,"column":null}},{"start":{},"end":{}}]},"2":{"loc":{"start":{"line":37,"column":2},"end":{"line":38,"column":null}},"type":"if","locations":[{"start":{"line":37,"column":2},"end":{"line":38,"column":null}},{"start":{},"end":{}}]},"3":{"loc":{"start":{"line":41,"column":2},"end":{"line":44,"column":null}},"type":"if","locations":[{"start":{"line":41,"column":2},"end":{"line":44,"column":null}},{"start":{},"end":{}}]},"4":{"loc":{"start":{"line":82,"column":4},"end":{"line":86,"column":null}},"type":"if","locations":[{"start":{"line":82,"column":4},"end":{"line":86,"column":null}},{"start":{},"end":{}}]},"5":{"loc":{"start":{"line":90,"column":4},"end":{"line":91,"column":null}},"type":"if","locations":[{"start":{"line":90,"column":4},"end":{"line":91,"column":null}},{"start":{},"end":{}}]},"6":{"loc":{"start":{"line":95,"column":4},"end":{"line":96,"column":null}},"type":"if","locations":[{"start":{"line":95,"column":4},"end":{"line":96,"column":null}},{"start":{},"end":{}}]}},"s":{"0":1,"1":1,"2":1,"3":1,"4":1,"5":1,"6":1,"7":1,"8":1,"9":1,"10":10,"11":1,"12":10,"13":4,"14":6,"15":6,"16":2,"17":4,"18":1,"19":3,"20":1,"21":1,"22":1,"23":1,"24":4,"25":1,"26":2,"27":1,"28":1,"29":1,"30":12,"31":12,"32":1,"33":11,"34":1,"35":11,"36":1,"37":10,"38":10,"39":7,"40":3,"41":2,"42":1,"43":1,"44":1,"45":2},"f":{"0":10,"1":10,"2":4,"3":2,"4":1,"5":12,"6":1,"7":1,"8":2},"b":{"0":[10,9,8,7],"1":[4,6],"2":[2,4],"3":[1,3],"4":[1,11],"5":[1,10],"6":[7,3]}}
}
